<?xml version="1.0" encoding="UTF-8"?>
<!-- Generated by org.testng.reporters.JUnitXMLReporter -->
<testsuite hostname="DESKTOP-JI35MEQ" ignored="0" name="Default test" tests="4" failures="0" timestamp="2019-12-03T21:43:50 CET" time="42.988" errors="0">
  <testcase name="basicLogin" time="14.775" classname="tests.LoginTest"/>
  <testcase name="dashboardTest" time="0.12" classname="tests.LoginTest"/>
  <testcase name="addEmployeeTest" time="11.955" classname="tests.LoginTest"/>
  <testcase name="goProfileSettings" time="10.537" classname="tests.LoginTest"/>
</testsuite> <!-- Default test -->
